<?xml version="1.0" encoding="UTF-8"?>
<testsuite name="com.rravichandran.StudentSpec" tests="1" skipped="0" failures="0" errors="0" timestamp="2017-04-07T00:53:36" hostname="b4025068" time="0.346">
  <properties/>
  <testcase name="toString" classname="com.rravichandran.StudentSpec" time="0.346"/>
  <system-out><![CDATA[]]></system-out>
  <system-err><![CDATA[]]></system-err>
</testsuite>
