<?xml version="1.0" encoding="UTF-8"?>
<testsuite name="com.rravichandran.StudentControllerSpec" tests="1" skipped="0" failures="1" errors="0" timestamp="2017-04-01T07:45:46" hostname="b4025068" time="3.158">
  <properties/>
  <testcase name="test something" classname="com.rravichandran.StudentControllerSpec" time="3.158">
    <failure message="Condition not satisfied:&#10;&#10;true == false&#10;     |&#10;     false&#10;" type="org.spockframework.runtime.SpockComparisonFailure">Condition not satisfied:

true == false
     |
     false

	at com.rravichandran.StudentControllerSpec.test something(StudentControllerSpec.groovy:20)
</failure>
  </testcase>
  <system-out><![CDATA[]]></system-out>
  <system-err><![CDATA[]]></system-err>
</testsuite>
